<?xml version="1.0" encoding="UTF-8"?>
<!-- Generated by org.testng.reporters.JUnitReportReporter -->
<testsuite hostname="LAPTOP-SC1CM3T2" failures="0" tests="2" name="testprscticeng.testngtest_arithmatic" time="0.011" errors="0" timestamp="2023-10-27T17:48:18 IST" skipped="1">
  <testcase classname="testprscticeng.testngtest_arithmatic" name="divisionWithException" time="0.011"/>
  <system-out/>
  <testcase classname="testprscticeng.testngtest_arithmatic" name="divisionWithException2">
    <skipped/>
  </testcase> <!-- divisionWithException2 -->
  <system-out/>
</testsuite> <!-- testprscticeng.testngtest_arithmatic -->
